0 info it worked if it ends with ok
1 verbose cli [ '/usr/bin/node', '/usr/bin/npm', 'install', '-g', 'json/server' ]
2 info using npm@3.5.2
3 info using node@v8.10.0
4 silly loadCurrentTree Starting
5 silly install loadCurrentTree
6 silly install readGlobalPackageData
7 silly fetchPackageMetaData json/server
8 silly fetchOtherPackageData json/server
9 silly cache add args [ 'json/server', null ]
10 verbose cache add spec json/server
11 silly cache add parsed spec Result {
11 silly cache add   raw: 'json/server',
11 silly cache add   scope: null,
11 silly cache add   name: null,
11 silly cache add   rawSpec: 'json/server',
11 silly cache add   spec: 'github:json/server',
11 silly cache add   type: 'hosted',
11 silly cache add   hosted:
11 silly cache add    { type: 'github',
11 silly cache add      ssh: 'git@github.com:json/server.git',
11 silly cache add      sshUrl: 'git+ssh://git@github.com/json/server.git',
11 silly cache add      httpsUrl: 'git+https://github.com/json/server.git',
11 silly cache add      gitUrl: 'git://github.com/json/server.git',
11 silly cache add      shortcut: 'github:json/server',
11 silly cache add      directUrl: 'https://raw.githubusercontent.com/json/server/master/package.json' } }
12 verbose addRemoteGit caching json/server
13 verbose addRemoteGit json/server is a repository hosted by github
14 silly tryGitProto attempting to clone git://github.com/json/server.git
15 silly tryClone cloning json/server via git://github.com/json/server.git
16 verbose tryClone git-github-com-json-server-git-51d29b69 not in flight; caching
17 verbose makeDirectory /home/xyz/.npm/_git-remotes creation not in flight; initializing
18 silly makeDirectory /home/xyz/.npm/_git-remotes uid: 1000 gid: 1000
19 info git [ 'clone',
19 info git   '--template=/home/xyz/.npm/_git-remotes/_templates',
19 info git   '--mirror',
19 info git   'git://github.com/json/server.git',
19 info git   '/home/xyz/.npm/_git-remotes/git-github-com-json-server-git-51d29b69' ]
20 verbose git clone --template=/home/xyz/.npm/_git-remotes/_templates --mirror git://github.com/json/server.git /home/xyz/.npm/_git-remotes/git-github-com-json-server-git-51d29b69: Cloning into bare repository '/home/xyz/.npm/_git-remotes/git-github-com-json-server-git-51d29b69'...
20 verbose git clone --template=/home/xyz/.npm/_git-remotes/_templates --mirror git://github.com/json/server.git /home/xyz/.npm/_git-remotes/git-github-com-json-server-git-51d29b69: fatal: remote error:
20 verbose git clone --template=/home/xyz/.npm/_git-remotes/_templates --mirror git://github.com/json/server.git /home/xyz/.npm/_git-remotes/git-github-com-json-server-git-51d29b69:   Repository not found.
21 silly tryHTTPS attempting to clone git+https://github.com/json/server.git
22 silly tryClone cloning json/server via git+https://github.com/json/server.git
23 verbose tryClone git-https-github-com-json-server-git-d8d0112b not in flight; caching
24 info git [ 'clone',
24 info git   '--template=/home/xyz/.npm/_git-remotes/_templates',
24 info git   '--mirror',
24 info git   'https://github.com/json/server.git',
24 info git   '/home/xyz/.npm/_git-remotes/git-https-github-com-json-server-git-d8d0112b' ]
25 verbose git clone --template=/home/xyz/.npm/_git-remotes/_templates --mirror https://github.com/json/server.git /home/xyz/.npm/_git-remotes/git-https-github-com-json-server-git-d8d0112b: Cloning into bare repository '/home/xyz/.npm/_git-remotes/git-https-github-com-json-server-git-d8d0112b'...
25 verbose git clone --template=/home/xyz/.npm/_git-remotes/_templates --mirror https://github.com/json/server.git /home/xyz/.npm/_git-remotes/git-https-github-com-json-server-git-d8d0112b: remote: Invalid username or password.
25 verbose git clone --template=/home/xyz/.npm/_git-remotes/_templates --mirror https://github.com/json/server.git /home/xyz/.npm/_git-remotes/git-https-github-com-json-server-git-d8d0112b: fatal: Authentication failed for 'https://github.com/json/server.git/'
26 silly trySSH attempting to clone git@github.com:json/server.git
27 silly tryClone cloning json/server via git@github.com:json/server.git
28 verbose tryClone git-github-com-json-server-git-d2a9d2a9 not in flight; caching
29 info git [ 'clone',
29 info git   '--template=/home/xyz/.npm/_git-remotes/_templates',
29 info git   '--mirror',
29 info git   'git@github.com:json/server.git',
29 info git   '/home/xyz/.npm/_git-remotes/git-github-com-json-server-git-d2a9d2a9' ]
30 error git clone --template=/home/xyz/.npm/_git-remotes/_templates --mirror git@github.com:json/server.git /home/xyz/.npm/_git-remotes/git-github-com-json-server-git-d2a9d2a9: Cloning into bare repository '/home/xyz/.npm/_git-remotes/git-github-com-json-server-git-d2a9d2a9'...
30 error git clone --template=/home/xyz/.npm/_git-remotes/_templates --mirror git@github.com:json/server.git /home/xyz/.npm/_git-remotes/git-github-com-json-server-git-d2a9d2a9: Warning: Permanently added 'github.com,140.82.118.3' (RSA) to the list of known hosts.
30 error git clone --template=/home/xyz/.npm/_git-remotes/_templates --mirror git@github.com:json/server.git /home/xyz/.npm/_git-remotes/git-github-com-json-server-git-d2a9d2a9: @@@@@@@@@@@@@@@@@@@@@@@@@@@@@@@@@@@@@@@@@@@@@@@@@@@@@@@@@@@
30 error git clone --template=/home/xyz/.npm/_git-remotes/_templates --mirror git@github.com:json/server.git /home/xyz/.npm/_git-remotes/git-github-com-json-server-git-d2a9d2a9: @         WARNING: UNPROTECTED PRIVATE KEY FILE!          @
30 error git clone --template=/home/xyz/.npm/_git-remotes/_templates --mirror git@github.com:json/server.git /home/xyz/.npm/_git-remotes/git-github-com-json-server-git-d2a9d2a9: @@@@@@@@@@@@@@@@@@@@@@@@@@@@@@@@@@@@@@@@@@@@@@@@@@@@@@@@@@@
30 error git clone --template=/home/xyz/.npm/_git-remotes/_templates --mirror git@github.com:json/server.git /home/xyz/.npm/_git-remotes/git-github-com-json-server-git-d2a9d2a9: Permissions 0644 for '/home/xyz/.ssh/id_rsa' are too open.
30 error git clone --template=/home/xyz/.npm/_git-remotes/_templates --mirror git@github.com:json/server.git /home/xyz/.npm/_git-remotes/git-github-com-json-server-git-d2a9d2a9: It is required that your private key files are NOT accessible by others.
30 error git clone --template=/home/xyz/.npm/_git-remotes/_templates --mirror git@github.com:json/server.git /home/xyz/.npm/_git-remotes/git-github-com-json-server-git-d2a9d2a9: This private key will be ignored.
30 error git clone --template=/home/xyz/.npm/_git-remotes/_templates --mirror git@github.com:json/server.git /home/xyz/.npm/_git-remotes/git-github-com-json-server-git-d2a9d2a9: Load key "/home/xyz/.ssh/id_rsa": bad permissions
30 error git clone --template=/home/xyz/.npm/_git-remotes/_templates --mirror git@github.com:json/server.git /home/xyz/.npm/_git-remotes/git-github-com-json-server-git-d2a9d2a9: git@github.com: Permission denied (publickey).
30 error git clone --template=/home/xyz/.npm/_git-remotes/_templates --mirror git@github.com:json/server.git /home/xyz/.npm/_git-remotes/git-github-com-json-server-git-d2a9d2a9: fatal: Could not read from remote repository.
30 error git clone --template=/home/xyz/.npm/_git-remotes/_templates --mirror git@github.com:json/server.git /home/xyz/.npm/_git-remotes/git-github-com-json-server-git-d2a9d2a9:
30 error git clone --template=/home/xyz/.npm/_git-remotes/_templates --mirror git@github.com:json/server.git /home/xyz/.npm/_git-remotes/git-github-com-json-server-git-d2a9d2a9: Please make sure you have the correct access rights
30 error git clone --template=/home/xyz/.npm/_git-remotes/_templates --mirror git@github.com:json/server.git /home/xyz/.npm/_git-remotes/git-github-com-json-server-git-d2a9d2a9: and the repository exists.
31 silly fetchPackageMetaData Error: Command failed: git clone --template=/home/xyz/.npm/_git-remotes/_templates --mirror git@github.com:json/server.git /home/xyz/.npm/_git-remotes/git-github-com-json-server-git-d2a9d2a9
31 silly fetchPackageMetaData Cloning into bare repository '/home/xyz/.npm/_git-remotes/git-github-com-json-server-git-d2a9d2a9'...
31 silly fetchPackageMetaData Warning: Permanently added 'github.com,140.82.118.3' (RSA) to the list of known hosts.
31 silly fetchPackageMetaData @@@@@@@@@@@@@@@@@@@@@@@@@@@@@@@@@@@@@@@@@@@@@@@@@@@@@@@@@@@
31 silly fetchPackageMetaData @         WARNING: UNPROTECTED PRIVATE KEY FILE!          @
31 silly fetchPackageMetaData @@@@@@@@@@@@@@@@@@@@@@@@@@@@@@@@@@@@@@@@@@@@@@@@@@@@@@@@@@@
31 silly fetchPackageMetaData Permissions 0644 for '/home/xyz/.ssh/id_rsa' are too open.
31 silly fetchPackageMetaData It is required that your private key files are NOT accessible by others.
31 silly fetchPackageMetaData This private key will be ignored.
31 silly fetchPackageMetaData Load key "/home/xyz/.ssh/id_rsa": bad permissions
31 silly fetchPackageMetaData git@github.com: Permission denied (publickey).
31 silly fetchPackageMetaData fatal: Could not read from remote repository.
31 silly fetchPackageMetaData
31 silly fetchPackageMetaData Please make sure you have the correct access rights
31 silly fetchPackageMetaData and the repository exists.
31 silly fetchPackageMetaData
31 silly fetchPackageMetaData     at ChildProcess.exithandler (child_process.js:275:12)
31 silly fetchPackageMetaData     at emitTwo (events.js:126:13)
31 silly fetchPackageMetaData     at ChildProcess.emit (events.js:214:7)
31 silly fetchPackageMetaData     at maybeClose (internal/child_process.js:925:16)
31 silly fetchPackageMetaData     at Process.ChildProcess._handle.onexit (internal/child_process.js:209:5)
31 silly fetchPackageMetaData  error for json/server { Error: Command failed: git clone --template=/home/xyz/.npm/_git-remotes/_templates --mirror git@github.com:json/server.git /home/xyz/.npm/_git-remotes/git-github-com-json-server-git-d2a9d2a9
31 silly fetchPackageMetaData Cloning into bare repository '/home/xyz/.npm/_git-remotes/git-github-com-json-server-git-d2a9d2a9'...
31 silly fetchPackageMetaData Warning: Permanently added 'github.com,140.82.118.3' (RSA) to the list of known hosts.
31 silly fetchPackageMetaData @@@@@@@@@@@@@@@@@@@@@@@@@@@@@@@@@@@@@@@@@@@@@@@@@@@@@@@@@@@
31 silly fetchPackageMetaData @         WARNING: UNPROTECTED PRIVATE KEY FILE!          @
31 silly fetchPackageMetaData @@@@@@@@@@@@@@@@@@@@@@@@@@@@@@@@@@@@@@@@@@@@@@@@@@@@@@@@@@@
31 silly fetchPackageMetaData Permissions 0644 for '/home/xyz/.ssh/id_rsa' are too open.
31 silly fetchPackageMetaData It is required that your private key files are NOT accessible by others.
31 silly fetchPackageMetaData This private key will be ignored.
31 silly fetchPackageMetaData Load key "/home/xyz/.ssh/id_rsa": bad permissions
31 silly fetchPackageMetaData git@github.com: Permission denied (publickey).
31 silly fetchPackageMetaData fatal: Could not read from remote repository.
31 silly fetchPackageMetaData
31 silly fetchPackageMetaData Please make sure you have the correct access rights
31 silly fetchPackageMetaData and the repository exists.
31 silly fetchPackageMetaData
31 silly fetchPackageMetaData     at ChildProcess.exithandler (child_process.js:275:12)
31 silly fetchPackageMetaData     at emitTwo (events.js:126:13)
31 silly fetchPackageMetaData     at ChildProcess.emit (events.js:214:7)
31 silly fetchPackageMetaData     at maybeClose (internal/child_process.js:925:16)
31 silly fetchPackageMetaData     at Process.ChildProcess._handle.onexit (internal/child_process.js:209:5)
31 silly fetchPackageMetaData   killed: false,
31 silly fetchPackageMetaData   code: 128,
31 silly fetchPackageMetaData   signal: null,
31 silly fetchPackageMetaData   cmd: 'git clone --template=/home/xyz/.npm/_git-remotes/_templates --mirror git@github.com:json/server.git /home/xyz/.npm/_git-remotes/git-github-com-json-server-git-d2a9d2a9' }
32 silly rollbackFailedOptional Starting
33 silly rollbackFailedOptional Finishing
34 silly runTopLevelLifecycles Starting
35 silly runTopLevelLifecycles Finishing
36 silly install printInstalled
37 verbose stack Error: Command failed: git clone --template=/home/xyz/.npm/_git-remotes/_templates --mirror git@github.com:json/server.git /home/xyz/.npm/_git-remotes/git-github-com-json-server-git-d2a9d2a9
37 verbose stack Cloning into bare repository '/home/xyz/.npm/_git-remotes/git-github-com-json-server-git-d2a9d2a9'...
37 verbose stack Warning: Permanently added 'github.com,140.82.118.3' (RSA) to the list of known hosts.
37 verbose stack @@@@@@@@@@@@@@@@@@@@@@@@@@@@@@@@@@@@@@@@@@@@@@@@@@@@@@@@@@@
37 verbose stack @         WARNING: UNPROTECTED PRIVATE KEY FILE!          @
37 verbose stack @@@@@@@@@@@@@@@@@@@@@@@@@@@@@@@@@@@@@@@@@@@@@@@@@@@@@@@@@@@
37 verbose stack Permissions 0644 for '/home/xyz/.ssh/id_rsa' are too open.
37 verbose stack It is required that your private key files are NOT accessible by others.
37 verbose stack This private key will be ignored.
37 verbose stack Load key "/home/xyz/.ssh/id_rsa": bad permissions
37 verbose stack git@github.com: Permission denied (publickey).
37 verbose stack fatal: Could not read from remote repository.
37 verbose stack
37 verbose stack Please make sure you have the correct access rights
37 verbose stack and the repository exists.
37 verbose stack
37 verbose stack     at ChildProcess.exithandler (child_process.js:275:12)
37 verbose stack     at emitTwo (events.js:126:13)
37 verbose stack     at ChildProcess.emit (events.js:214:7)
37 verbose stack     at maybeClose (internal/child_process.js:925:16)
37 verbose stack     at Process.ChildProcess._handle.onexit (internal/child_process.js:209:5)
38 verbose cwd /home/xyz/Desktop/learn-vue
39 error Linux 4.15.0-96-generic
40 error argv "/usr/bin/node" "/usr/bin/npm" "install" "-g" "json/server"
41 error node v8.10.0
42 error npm  v3.5.2
43 error code 128
44 error Command failed: git clone --template=/home/xyz/.npm/_git-remotes/_templates --mirror git@github.com:json/server.git /home/xyz/.npm/_git-remotes/git-github-com-json-server-git-d2a9d2a9
44 error Cloning into bare repository '/home/xyz/.npm/_git-remotes/git-github-com-json-server-git-d2a9d2a9'...
44 error Warning: Permanently added 'github.com,140.82.118.3' (RSA) to the list of known hosts.
44 error @@@@@@@@@@@@@@@@@@@@@@@@@@@@@@@@@@@@@@@@@@@@@@@@@@@@@@@@@@@
44 error @         WARNING: UNPROTECTED PRIVATE KEY FILE!          @
44 error @@@@@@@@@@@@@@@@@@@@@@@@@@@@@@@@@@@@@@@@@@@@@@@@@@@@@@@@@@@
44 error Permissions 0644 for '/home/xyz/.ssh/id_rsa' are too open.
44 error It is required that your private key files are NOT accessible by others.
44 error This private key will be ignored.
44 error Load key "/home/xyz/.ssh/id_rsa": bad permissions
44 error git@github.com: Permission denied (publickey).
44 error fatal: Could not read from remote repository.
44 error
44 error Please make sure you have the correct access rights
44 error and the repository exists.
45 error If you need help, you may report this error at:
45 error     <https://github.com/npm/npm/issues>
46 verbose exit [ 1, true ]
